This is pdfTeX, Version 3.141592653-2.6-1.40.24 (MiKTeX 22.3) (preloaded format=pdflatex 2022.6.11)  20 JUL 2022 16:09
entering extended mode
 restricted \write18 enabled.
 file:line:error style messages enabled.
 %&-line parsing enabled.
**./main.tex
(main.tex
LaTeX2e <2021-11-15> patch level 1
L3 programming layer <2022-05-04>
(C:\Users\Calum\AppData\Local\Programs\MiKTeX\tex/latex/base\report.cls
Document Class: report 2021/10/04 v1.4n Standard LaTeX document class
(C:\Users\Calum\AppData\Local\Programs\MiKTeX\tex/latex/base\size12.clo
File: size12.clo 2021/10/04 v1.4n Standard LaTeX file (size option)
)
\c@part=\count185
\c@chapter=\count186
\c@section=\count187
\c@subsection=\count188
\c@subsubsection=\count189
\c@paragraph=\count190
\c@subparagraph=\count191
\c@figure=\count192
\c@table=\count193
\abovecaptionskip=\skip47
\belowcaptionskip=\skip48
\bibindent=\dimen138
)
(C:\Users\Calum\AppData\Local\Programs\MiKTeX\tex/latex/base\inputenc.sty
Package: inputenc 2021/02/14 v1.3d Input encoding file
\inpenc@prehook=\toks16
\inpenc@posthook=\toks17
)
(C:\Users\Calum\AppData\Local\Programs\MiKTeX\tex/latex/amsmath\amsmath.sty
Package: amsmath 2021/10/15 v2.17l AMS math features
\@mathmargin=\skip49

For additional information on amsmath, use the `?' option.
(C:\Users\Calum\AppData\Local\Programs\MiKTeX\tex/latex/amsmath\amstext.sty
Package: amstext 2021/08/26 v2.01 AMS text

(C:\Users\Calum\AppData\Local\Programs\MiKTeX\tex/latex/amsmath\amsgen.sty
File: amsgen.sty 1999/11/30 v2.0 generic functions
\@emptytoks=\toks18
\ex@=\dimen139
))
(C:\Users\Calum\AppData\Local\Programs\MiKTeX\tex/latex/amsmath\amsbsy.sty
Package: amsbsy 1999/11/29 v1.2d Bold Symbols
\pmbraise@=\dimen140
)
(C:\Users\Calum\AppData\Local\Programs\MiKTeX\tex/latex/amsmath\amsopn.sty
Package: amsopn 2021/08/26 v2.02 operator names
)
\inf@bad=\count194
LaTeX Info: Redefining \frac on input line 234.
\uproot@=\count195
\leftroot@=\count196
LaTeX Info: Redefining \overline on input line 399.
\classnum@=\count197
\DOTSCASE@=\count198
LaTeX Info: Redefining \ldots on input line 496.
LaTeX Info: Redefining \dots on input line 499.
LaTeX Info: Redefining \cdots on input line 620.
\Mathstrutbox@=\box50
\strutbox@=\box51
\big@size=\dimen141
LaTeX Font Info:    Redeclaring font encoding OML on input line 743.
LaTeX Font Info:    Redeclaring font encoding OMS on input line 744.
\macc@depth=\count199
\c@MaxMatrixCols=\count266
\dotsspace@=\muskip16
\c@parentequation=\count267
\dspbrk@lvl=\count268
\tag@help=\toks19
\row@=\count269
\column@=\count270
\maxfields@=\count271
\andhelp@=\toks20
\eqnshift@=\dimen142
\alignsep@=\dimen143
\tagshift@=\dimen144
\tagwidth@=\dimen145
\totwidth@=\dimen146
\lineht@=\dimen147
\@envbody=\toks21
\multlinegap=\skip50
\multlinetaggap=\skip51
\mathdisplay@stack=\toks22
LaTeX Info: Redefining \[ on input line 2938.
LaTeX Info: Redefining \] on input line 2939.
)
(C:\Users\Calum\AppData\Local\Programs\MiKTeX\tex/latex/natbib\natbib.sty
Package: natbib 2010/09/13 8.31b (PWD, AO)
\bibhang=\skip52
\bibsep=\skip53
LaTeX Info: Redefining \cite on input line 694.
\c@NAT@ctr=\count272
)
(C:\Users\Calum\AppData\Local\Programs\MiKTeX\tex/latex/graphics\graphicx.sty
Package: graphicx 2021/09/16 v1.2d Enhanced LaTeX Graphics (DPC,SPQR)

(C:\Users\Calum\AppData\Local\Programs\MiKTeX\tex/latex/graphics\keyval.sty
Package: keyval 2014/10/28 v1.15 key=value parser (DPC)
\KV@toks@=\toks23
)
(C:\Users\Calum\AppData\Local\Programs\MiKTeX\tex/latex/graphics\graphics.sty
Package: graphics 2021/03/04 v1.4d Standard LaTeX Graphics (DPC,SPQR)

(C:\Users\Calum\AppData\Local\Programs\MiKTeX\tex/latex/graphics\trig.sty
Package: trig 2021/08/11 v1.11 sin cos tan (DPC)
)
(C:\Users\Calum\AppData\Local\Programs\MiKTeX\tex/latex/graphics-cfg\graphics.c
fg
File: graphics.cfg 2016/06/04 v1.11 sample graphics configuration
)
Package graphics Info: Driver file: pdftex.def on input line 107.

(C:\Users\Calum\AppData\Local\Programs\MiKTeX\tex/latex/graphics-def\pdftex.def
File: pdftex.def 2020/10/05 v1.2a Graphics/color driver for pdftex
))
\Gin@req@height=\dimen148
\Gin@req@width=\dimen149
)
(C:\Users\Calum\AppData\Local\Programs\MiKTeX\tex/latex/titlesec\titlesec.sty
Package: titlesec 2021/07/05 v2.14 Sectioning titles
\ttl@box=\box52
\beforetitleunit=\skip54
\aftertitleunit=\skip55
\ttl@plus=\dimen150
\ttl@minus=\dimen151
\ttl@toksa=\toks24
\titlewidth=\dimen152
\titlewidthlast=\dimen153
\titlewidthfirst=\dimen154
)
(C:\Users\Calum\AppData\Local\Programs\MiKTeX\tex/latex/l3backend\l3backend-pdf
tex.def
File: l3backend-pdftex.def 2022-04-20 L3 backend support: PDF output (pdfTeX)
\l__color_backend_stack_int=\count273
\l__pdf_internal_box=\box53
)
(C:/Users\Calum\Desktop\Useful\University\Business Analytics\Dissertation\Disse
rtation Project\LATEX Document\auxil\main.aux
(C:/Users\Calum\Desktop\Useful\University\Business Analytics\Dissertation\Disse
rtation Project\LATEX Document\auxil\ch-Introduction.aux)
(C:/Users\Calum\Desktop\Useful\University\Business Analytics\Dissertation\Disse
rtation Project\LATEX Document\auxil\ch-LiteratureReview.aux)
(C:/Users\Calum\Desktop\Useful\University\Business Analytics\Dissertation\Disse
rtation Project\LATEX Document\auxil\ch-Methodology.aux)
(C:/Users\Calum\Desktop\Useful\University\Business Analytics\Dissertation\Disse
rtation Project\LATEX Document\auxil\ch-Results.aux)
(C:/Users\Calum\Desktop\Useful\University\Business Analytics\Dissertation\Disse
rtation Project\LATEX Document\auxil\ch-Conclusion.aux))
\openout1 = `main.aux'.

LaTeX Font Info:    Checking defaults for OML/cmm/m/it on input line 26.
LaTeX Font Info:    ... okay on input line 26.
LaTeX Font Info:    Checking defaults for OMS/cmsy/m/n on input line 26.
LaTeX Font Info:    ... okay on input line 26.
LaTeX Font Info:    Checking defaults for OT1/cmr/m/n on input line 26.
LaTeX Font Info:    ... okay on input line 26.
LaTeX Font Info:    Checking defaults for T1/cmr/m/n on input line 26.
LaTeX Font Info:    ... okay on input line 26.
LaTeX Font Info:    Checking defaults for TS1/cmr/m/n on input line 26.
LaTeX Font Info:    ... okay on input line 26.
LaTeX Font Info:    Checking defaults for OMX/cmex/m/n on input line 26.
LaTeX Font Info:    ... okay on input line 26.
LaTeX Font Info:    Checking defaults for U/cmr/m/n on input line 26.
LaTeX Font Info:    ... okay on input line 26.

(C:\Users\Calum\AppData\Local\Programs\MiKTeX\tex/context/base/mkii\supp-pdf.mk
ii
[Loading MPS to PDF converter (version 2006.09.02).]
\scratchcounter=\count274
\scratchdimen=\dimen155
\scratchbox=\box54
\nofMPsegments=\count275
\nofMParguments=\count276
\everyMPshowfont=\toks25
\MPscratchCnt=\count277
\MPscratchDim=\dimen156
\MPnumerator=\count278
\makeMPintoPDFobject=\count279
\everyMPtoPDFconversion=\toks26
)
(C:\Users\Calum\AppData\Local\Programs\MiKTeX\tex/latex/epstopdf-pkg\epstopdf-b
ase.sty
Package: epstopdf-base 2020-01-24 v2.11 Base part for package epstopdf
Package epstopdf-base Info: Redefining graphics rule for `.eps' on input line 4
85.

(C:\Users\Calum\AppData\Local\Programs\MiKTeX\tex/latex/00miktex\epstopdf-sys.c
fg
File: epstopdf-sys.cfg 2021/03/18 v2.0 Configuration of epstopdf for MiKTeX
)) [1

{C:/Users/Calum/AppData/Local/MiKTeX/fonts/map/pdftex/pdftex.map}]
[2] [3]
(C:/Users\Calum\Desktop\Useful\University\Business Analytics\Dissertation\Disse
rtation Project\LATEX Document\auxil\main.toc)
\tf@toc=\write3
\openout3 = `main.toc'.

 [4

]
(C:/Users\Calum\Desktop\Useful\University\Business Analytics\Dissertation\Disse
rtation Project\LATEX Document\auxil\main.lof)
\tf@lof=\write4
\openout4 = `main.lof'.

 [5

]
(C:/Users\Calum\Desktop\Useful\University\Business Analytics\Dissertation\Disse
rtation Project\LATEX Document\auxil\main.lot)
\tf@lot=\write5
\openout5 = `main.lot'.

 [6

]
\openout2 = `ch-Introduction.aux'.

 (ch-Introduction.tex
Chapter 1.
) [1


]
\openout2 = `ch-LiteratureReview.aux'.

 (ch-LiteratureReview.tex
Chapter 2.
) [2




]
\openout2 = `ch-Methodology.aux'.

 (ch-Methodology.tex
Chapter 3.
<figures/SpiritedAwayDuck3.png, id=33, 235.63031pt x 195.73125pt>
File: figures/SpiritedAwayDuck3.png Graphic file (type png)
<use figures/SpiritedAwayDuck3.png>
Package pdftex.def Info: figures/SpiritedAwayDuck3.png  used on input line 10.
(pdftex.def)             Requested size: 284.52756pt x 236.3517pt.
) [3




] [4 <./figures/SpiritedAwayDuck3.png>]
\openout2 = `ch-Results.aux'.

 (ch-Results.tex
Chapter 4.
) [5




]
\openout2 = `ch-Conclusion.aux'.

 (ch-Conclusion.tex
Chapter 5.
) [6




]
(C:/Users\Calum\Desktop\Useful\University\Business Analytics\Dissertation\Disse
rtation Project\LATEX Document\auxil\main.bbl) [7



]
(C:/Users\Calum\Desktop\Useful\University\Business Analytics\Dissertation\Disse
rtation Project\LATEX Document\auxil\main.aux
(C:/Users\Calum\Desktop\Useful\University\Business Analytics\Dissertation\Disse
rtation Project\LATEX Document\auxil\ch-Introduction.aux)
(C:/Users\Calum\Desktop\Useful\University\Business Analytics\Dissertation\Disse
rtation Project\LATEX Document\auxil\ch-LiteratureReview.aux)
(C:/Users\Calum\Desktop\Useful\University\Business Analytics\Dissertation\Disse
rtation Project\LATEX Document\auxil\ch-Methodology.aux)
(C:/Users\Calum\Desktop\Useful\University\Business Analytics\Dissertation\Disse
rtation Project\LATEX Document\auxil\ch-Results.aux)
(C:/Users\Calum\Desktop\Useful\University\Business Analytics\Dissertation\Disse
rtation Project\LATEX Document\auxil\ch-Conclusion.aux)) ) 
Here is how much of TeX's memory you used:
 2906 strings out of 478614
 51330 string characters out of 2843122
 343128 words of memory out of 3000000
 21014 multiletter control sequences out of 15000+600000
 475569 words of font info for 49 fonts, out of 8000000 for 9000
 1141 hyphenation exceptions out of 8191
 55i,6n,62p,221b,240s stack positions out of 10000i,1000n,20000p,200000b,80000s
 <C:\Users\Calum\AppD
ata\Local\MiKTeX\fonts/pk/ljfour/jknappen/ec/dpi600\tcti1200.pk><C:/Users/Calum
/AppData/Local/Programs/MiKTeX/fonts/type1/public/amsfonts/cm/cmbx12.pfb><C:/Us
ers/Calum/AppData/Local/Programs/MiKTeX/fonts/type1/public/amsfonts/cm/cmbxti10
.pfb><C:/Users/Calum/AppData/Local/Programs/MiKTeX/fonts/type1/public/amsfonts/
cm/cmr12.pfb><C:/Users/Calum/AppData/Local/Programs/MiKTeX/fonts/type1/public/a
msfonts/cm/cmr17.pfb><C:/Users/Calum/AppData/Local/Programs/MiKTeX/fonts/type1/
public/amsfonts/cm/cmti12.pfb>
Output written on "C:/Users\Calum\Desktop\Useful\University\Business Analytics\
Dissertation\Dissertation Project\LATEX Document\out\main.pdf" (13 pages, 20629
3 bytes).
PDF statistics:
 78 PDF objects out of 1000 (max. 8388607)
 0 named destinations out of 1000 (max. 500000)
 6 words of extra memory for PDF output out of 10000 (max. 10000000)

